[21:44:12] [ServerMain/INFO]: [bootstrap] Running Java 21 (OpenJDK 64-Bit Server VM 21.0.7+6-Ubuntu-0ubuntu124.04; Ubuntu null) on Linux 6.8.0-1027-azure (amd64)
[21:44:12] [ServerMain/INFO]: [bootstrap] Loading Paper 1.21.7-17-main@b4466ec (2025-07-06T18:59:07Z) for Minecraft 1.21.7
[21:44:12] [ServerMain/INFO]: [PluginInitializerManager] Initializing plugins...
[21:44:12] [Paper Plugin Remapper Thread - 2/INFO]: [PluginRemapper] Remapping plugin 'plugins/ItemFrameDupe.jar'...
[21:44:14] [Paper Plugin Remapper Thread - 2/INFO]: [PluginRemapper] Done remapping plugin 'plugins/ItemFrameDupe.jar' in 1274ms.
[21:44:14] [ServerMain/INFO]: [PluginInitializerManager] Initialized 16 plugins
[21:44:14] [ServerMain/INFO]: [PluginInitializerManager] Bukkit plugins (16):
 - BetterRevive (0.9.1-BETA), Essentials (2.21.2-dev+24-3563b41), EssentialsChat (2.21.2-dev+24-3563b41), EssentialsSpawn (2.21.2-dev+24-3563b41), Geyser-Spigot (2.8.2-SNAPSHOT), HealthBar (1.8.1), ItemFrameDupe (1.0), KBloodMoon (1.3), NBTAPI (2.15.1), PlugManX (2.4.1), ProtocolLib (5.3.0), ViaBackwards (5.4.1), ViaRewind (4.0.9-SNAPSHOT), ViaVersion (5.4.0), WorldEdit (7.3.15-beta-02+9a50ff6), floodgate (2.2.4-SNAPSHOT (b116-0e3163c))
[21:44:18] [ServerMain/INFO]: Environment: Environment[sessionHost=https://sessionserver.mojang.com, servicesHost=https://api.minecraftservices.com, name=PROD]
[21:44:20] [ServerMain/INFO]: Loaded 1407 recipes
[21:44:20] [ServerMain/INFO]: Loaded 1520 advancements
[21:44:20] [ServerMain/INFO]: [ca.spottedleaf.dataconverter.minecraft.datatypes.MCTypeRegistry] Initialising converters for DataConverter...
[21:44:20] [ServerMain/INFO]: [ca.spottedleaf.dataconverter.minecraft.datatypes.MCTypeRegistry] Finished initialising converters for DataConverter in 419.1ms
[21:44:20] [Server thread/INFO]: Starting minecraft server version 1.21.7
[21:44:20] [Server thread/INFO]: Loading properties
[21:44:20] [Server thread/INFO]: This server is running Paper version 1.21.7-17-main@b4466ec (2025-07-06T18:59:07Z) (Implementing API version 1.21.7-R0.1-SNAPSHOT)
[21:44:21] [Server thread/INFO]: [spark] This server bundles the spark profiler. For more information please visit https://docs.papermc.io/paper/profiling
[21:44:21] [Server thread/INFO]: Server Ping Player Sample Count: 12
[21:44:21] [Server thread/INFO]: Using 4 threads for Netty based IO
[21:44:22] [Server thread/INFO]: [MoonriseCommon] Paper is using 1 worker threads, 1 I/O threads
[21:44:22] [Server thread/INFO]: [ChunkTaskScheduler] Chunk system is using population gen parallelism: true
[21:44:23] [Server thread/INFO]: Default game type: SURVIVAL
[21:44:23] [Server thread/INFO]: Generating keypair
[21:44:23] [Server thread/INFO]: Starting Minecraft server on *:25565
[21:44:23] [Server thread/INFO]: Using epoll channel type
[21:44:23] [Server thread/INFO]: Paper: Using libdeflate (Linux x86_64) compression from Velocity.
[21:44:23] [Server thread/INFO]: Paper: Using OpenSSL 3.x.x (Linux x86_64) cipher from Velocity.
[21:44:24] [Server thread/INFO]: [ViaVersion] Loading server plugin ViaVersion v5.4.0
[21:44:24] [Server thread/INFO]: [ViaVersion] ViaVersion 5.4.0 is now loaded. Registering protocol transformers and injecting...
[21:44:25] [Via-Mappingloader-0/INFO]: [ViaVersion] Loading block connection mappings ...
[21:44:25] [Via-Mappingloader-0/INFO]: [ViaVersion] Using FastUtil Long2ObjectOpenHashMap for block connections
[21:44:25] [Server thread/INFO]: [ViaBackwards] Loading translations...
[21:44:25] [Server thread/INFO]: [ViaBackwards] Registering protocols...
[21:44:26] [Server thread/ERROR]: [ViaVersion] Error initializing plugin 'ViaVersion-5.4.0.jar' in folder 'plugins' (Is it up to date?)
java.lang.NoClassDefFoundError: com/viaversion/viaversion/protocols/v1_21_6to1_21_7/Protocol1_21_6To1_21_7
	at ViaBackwards-5.4.1.jar/com.viaversion.viabackwards.protocol.v1_21_7to1_21_6.Protocol1_21_7To1_21_6.<clinit>(Protocol1_21_7To1_21_6.java:53) ~[ViaBackwards-5.4.1.jar:?]
	at ViaBackwards-5.4.1.jar/com.viaversion.viabackwards.api.ViaBackwardsPlatform.init(ViaBackwardsPlatform.java:156) ~[ViaBackwards-5.4.1.jar:?]
	at ViaBackwards-5.4.1.jar/com.viaversion.viabackwards.BukkitPlugin.lambda$new$0(BukkitPlugin.java:38) ~[ViaBackwards-5.4.1.jar:?]
	at ViaVersion-5.4.0.jar/com.viaversion.viaversion.ViaManagerImpl.init(ViaManagerImpl.java:115) ~[ViaVersion-5.4.0.jar:?]
	at ViaVersion-5.4.0.jar/com.viaversion.viaversion.ViaVersionPlugin.onLoad(ViaVersionPlugin.java:87) ~[ViaVersion-5.4.0.jar:?]
	at io.papermc.paper.plugin.storage.ServerPluginProviderStorage.processProvided(ServerPluginProviderStorage.java:59) ~[paper-1.21.7.jar:1.21.7-17-b4466ec]
	at io.papermc.paper.plugin.storage.ServerPluginProviderStorage.processProvided(ServerPluginProviderStorage.java:18) ~[paper-1.21.7.jar:1.21.7-17-b4466ec]
	at io.papermc.paper.plugin.storage.SimpleProviderStorage.enter(SimpleProviderStorage.java:39) ~[paper-1.21.7.jar:1.21.7-17-b4466ec]
	at io.papermc.paper.plugin.entrypoint.LaunchEntryPointHandler.enter(LaunchEntryPointHandler.java:39) ~[paper-1.21.7.jar:1.21.7-17-b4466ec]
	at org.bukkit.craftbukkit.CraftServer.loadPlugins(CraftServer.java:566) ~[paper-1.21.7.jar:1.21.7-17-b4466ec]
	at net.minecraft.server.dedicated.DedicatedServer.initServer(DedicatedServer.java:235) ~[paper-1.21.7.jar:1.21.7-17-b4466ec]
	at net.minecraft.server.MinecraftServer.runServer(MinecraftServer.java:1164) ~[paper-1.21.7.jar:1.21.7-17-b4466ec]
	at net.minecraft.server.MinecraftServer.lambda$spin$2(MinecraftServer.java:310) ~[paper-1.21.7.jar:1.21.7-17-b4466ec]
	at java.base/java.lang.Thread.run(Thread.java:1583) ~[?:?]
Caused by: java.lang.ClassNotFoundException: com.viaversion.viaversion.protocols.v1_21_6to1_21_7.Protocol1_21_6To1_21_7
	at org.bukkit.plugin.java.PluginClassLoader.loadClass0(PluginClassLoader.java:205) ~[paper-api-1.21.7-R0.1-SNAPSHOT.jar:?]
	at org.bukkit.plugin.java.PluginClassLoader.loadClass(PluginClassLoader.java:172) ~[paper-api-1.21.7-R0.1-SNAPSHOT.jar:?]
	at java.base/java.lang.ClassLoader.loadClass(ClassLoader.java:526) ~[?:?]
	... 14 more
[21:44:26] [Server thread/INFO]: [Essentials] Loading server plugin Essentials v2.21.2-dev+24-3563b41
[21:44:26] [Server thread/INFO]: [ProtocolLib] Loading server plugin ProtocolLib v5.3.0
[21:44:26] [Server thread/WARN]: [ProtocolLib] Version (MC: 1.21.7) has not yet been tested! Proceed with caution.
[21:44:26] [Server thread/ERROR]:   [ProtocolLib] INTERNAL ERROR: Cannot load ProtocolLib.
  If this problem hasn't already been reported, please open a ticket
  at https://github.com/dmulloy2/ProtocolLib/issues with the following data:
  Stack Trace:
  java.lang.RuntimeException: Unable to find network.ProtocolInfo$a (network.ProtocolInfo$Unbound)
  	at ProtocolLib.jar//com.comphenix.protocol.utility.MinecraftReflection.lambda$getMinecraftClass$5(MinecraftReflection.java:1581)
  	at java.base/java.util.Optional.orElseThrow(Optional.java:403)
  	at ProtocolLib.jar//com.comphenix.protocol.utility.MinecraftReflection.getMinecraftClass(MinecraftReflection.java:1581)
  	at ProtocolLib.jar//com.comphenix.protocol.utility.MinecraftReflection.getProtocolInfoUnboundClass(MinecraftReflection.java:1878)
  	at ProtocolLib.jar//com.comphenix.protocol.injector.packet.PacketRegistry.createRegisterV1_20_5(PacketRegistry.java:367)
  	at ProtocolLib.jar//com.comphenix.protocol.injector.packet.PacketRegistry.initialize(PacketRegistry.java:552)
  	at ProtocolLib.jar//com.comphenix.protocol.injector.packet.PacketRegistry.getClientPacketTypes(PacketRegistry.java:604)
  	at ProtocolLib.jar//com.comphenix.protocol.injector.PacketFilterManager.<init>(PacketFilterManager.java:112)
  	at ProtocolLib.jar//com.comphenix.protocol.injector.PacketFilterBuilder.build(PacketFilterBuilder.java:121)
  	at ProtocolLib.jar//com.comphenix.protocol.ProtocolLib.onLoad(ProtocolLib.java:179)
  	at io.papermc.paper.plugin.storage.ServerPluginProviderStorage.processProvided(ServerPluginProviderStorage.java:59)
  	at io.papermc.paper.plugin.storage.ServerPluginProviderStorage.processProvided(ServerPluginProviderStorage.java:18)
  	at io.papermc.paper.plugin.storage.SimpleProviderStorage.enter(SimpleProviderStorage.java:39)
  	at io.papermc.paper.plugin.entrypoint.LaunchEntryPointHandler.enter(LaunchEntryPointHandler.java:39)
  	at org.bukkit.craftbukkit.CraftServer.loadPlugins(CraftServer.java:566)
  	at net.minecraft.server.dedicated.DedicatedServer.initServer(DedicatedServer.java:235)
  	at net.minecraft.server.MinecraftServer.runServer(MinecraftServer.java:1164)
  	at net.minecraft.server.MinecraftServer.lambda$spin$2(MinecraftServer.java:310)
  	at java.base/java.lang.Thread.run(Thread.java:1583)
  Dump:
  Parameters: 
    [NULL]
  Sender:
    com.comphenix.protocol.ProtocolLib@39b9bd1e[
      statistics=<null>
      packetTask=<null>
      tickCounter=0
      configExpectedMod=-1
      updater=com.comphenix.protocol.updater.SpigotUpdater@741a1825
      redirectHandler=<null>
      scheduler=com.comphenix.protocol.scheduler.DefaultScheduler@72840258
      commandProtocol=<null>
      commandPacket=<null>
      commandFilter=<null>
      packetLogging=<null>
      skipDisable=false
      isEnabled=false
      loader=io.papermc.paper.plugin.manager.DummyBukkitPluginLoader@273939d
      server=CraftServer{serverName=Paper,serverVersion=1.21.7-17-b4466ec,minecraftVersion=1.21.7}
      file=plugins/ProtocolLib.jar
      description=org.bukkit.plugin.PluginDescriptionFile@7c6ec48f
      pluginMeta=org.bukkit.plugin.PluginDescriptionFile@7c6ec48f
      dataFolder=plugins/ProtocolLib
      classLoader=PluginClassLoader{plugin=ProtocolLib v5.3.0, pluginEnabled=false, url=plugins/ProtocolLib.jar}
      naggable=true
      newConfig=YamlConfiguration[path='', root='YamlConfiguration']
      configFile=plugins/ProtocolLib/config.yml
      logger=com.destroystokyo.paper.utils.PaperPluginLogger@73701aff
      lifecycleEventManager=io.papermc.paper.plugin.lifecycle.event.PaperLifecycleEventManager@79b0e2a2
      allowsLifecycleRegistration=true
      isBeingEnabled=false
    ]
  Version:
    ProtocolLib v5.3.0
  Java Version:
    21.0.7
  Server:
    1.21.7-17-b4466ec (MC: 1.21.7)

[21:44:26] [Server thread/INFO]: [NBTAPI] Loading server plugin NBTAPI v2.15.1
[21:44:26] [Server thread/INFO]: [NBTAPI] [NBTAPI] Found Minecraft: 1.21.7! Trying to find NMS support
[21:44:26] [Server thread/INFO]: [NBTAPI] [NBTAPI] NMS support 'MC1_21_R5' loaded!
[21:44:26] [Server thread/INFO]: [NBTAPI] [NBTAPI] Using the plugin 'NBTAPI' to create a bStats instance!
[21:44:26] [Server thread/INFO]: [WorldEdit] Loading server plugin WorldEdit v7.3.15-beta-02+9a50ff6
[21:44:27] [Thread-5/INFO]: [NBTAPI] [NBTAPI] The NBT-API seems to be up-to-date!
[21:44:27] [Server thread/INFO]: Got request to register class com.sk89q.worldedit.bukkit.BukkitServerInterface with WorldEdit [com.sk89q.worldedit.extension.platform.PlatformManager@7907f2ed]
[21:44:27] [Server thread/INFO]: [ViaBackwards] Loading server plugin ViaBackwards v5.4.1
[21:44:27] [Server thread/INFO]: [floodgate] Loading server plugin floodgate v2.2.4-SNAPSHOT (b116-0e3163c)
[21:44:28] [Server thread/WARN]: [floodgate] en_ is not a supported Floodgate language.
[21:44:28] [Server thread/INFO]: [floodgate] Took 726ms to boot Floodgate
[21:44:28] [Server thread/INFO]: [EssentialsChat] Loading server plugin EssentialsChat v2.21.2-dev+24-3563b41
[21:44:28] [Server thread/INFO]: [PlugManX] Loading server plugin PlugManX v2.4.1
[21:44:28] [Server thread/INFO]: [BetterRevive] Loading server plugin BetterRevive v0.9.1-BETA
[21:44:28] [Server thread/INFO]: [ViaRewind] Loading server plugin ViaRewind v4.0.9-SNAPSHOT
[21:44:28] [Server thread/INFO]: [HealthBar] Loading server plugin HealthBar v1.8.1
[21:44:28] [Server thread/INFO]: [KBloodMoon] Loading server plugin KBloodMoon v1.3
[21:44:28] [Server thread/INFO]: [Geyser-Spigot] Loading server plugin Geyser-Spigot v2.8.2-SNAPSHOT
[21:44:28] [Server thread/INFO]: [Geyser-Spigot] Loading extensions...
[21:44:28] [Server thread/INFO]: [Geyser-Spigot] Loaded 0 extension(s)
[21:44:28] [Server thread/INFO]: [ItemFrameDupe] Loading server plugin ItemFrameDupe v1.0
[21:44:28] [Server thread/INFO]: [EssentialsSpawn] Loading server plugin EssentialsSpawn v2.21.2-dev+24-3563b41
[21:44:28] [Server thread/INFO]: Server permissions file permissions.yml is empty, ignoring it
[21:44:28] [Server thread/INFO]: [ProtocolLib] Enabling ProtocolLib v5.3.0
[21:44:28] [Server thread/ERROR]: ******************************************************
[21:44:28] [Server thread/ERROR]: *** ProtocolLib does not support plugin reloaders! ***
[21:44:28] [Server thread/ERROR]: *** Please use the built-in reload command!        ***
[21:44:28] [Server thread/ERROR]: ******************************************************
[21:44:28] [Server thread/INFO]: [ProtocolLib] Disabling ProtocolLib v5.3.0
[21:44:28] [Server thread/INFO]: [WorldEdit] Enabling WorldEdit v7.3.15-beta-02+9a50ff6
[21:44:28] [Server thread/INFO]: Registering commands with com.sk89q.worldedit.bukkit.BukkitServerInterface
[21:44:28] [Server thread/INFO]: WEPIF: Using the Bukkit Permissions API.
[21:44:29] [Server thread/INFO]: Using com.sk89q.worldedit.bukkit.adapter.impl.v1_21_6.PaperweightAdapter as the Bukkit adapter
[21:44:30] [Server thread/INFO]: [PlugManX] Enabling PlugManX v2.4.1
[21:44:30] [Server thread/WARN]: [PlugManX] ~~~~~~~~~~~~~~~~~~~~~~~~~~~~~~~~~~~~~~~~~~~~~~~~~~~~~~~~~~~~~~~~~~~~~~
[21:44:30] [Server thread/WARN]: [PlugManX] It seems like you're running on paper.
[21:44:30] [Server thread/WARN]: [PlugManX] PlugManX cannot interact with paper-plugins, yet.
[21:44:30] [Server thread/WARN]: [PlugManX] Also, if you encounter any issues, please join my discord: https://discord.gg/GxEFhVY6ff
[21:44:30] [Server thread/WARN]: [PlugManX] Or create an issue on GitHub: https://github.com/TheBlackEntity/PlugMan
[21:44:30] [Server thread/WARN]: [PlugManX] ~~~~~~~~~~~~~~~~~~~~~~~~~~~~~~~~~~~~~~~~~~~~~~~~~~~~~~~~~~~~~~~~~~~~~~
[21:44:31] [Server thread/INFO]: [ViaRewind] Enabling ViaRewind v4.0.9-SNAPSHOT
[21:44:31] [Server thread/WARN]: **** SERVER IS RUNNING IN OFFLINE/INSECURE MODE!
[21:44:31] [Server thread/WARN]: The server will make no attempt to authenticate usernames. Beware.
[21:44:31] [Server thread/WARN]: While this makes the game possible to play without internet access, it also opens up the ability for hackers to connect with any username they choose.
[21:44:31] [Server thread/WARN]: To change this, set "online-mode" to "true" in the server.properties file.
[21:44:31] [Server thread/INFO]: Preparing level "world"
[21:44:32] [Server thread/INFO]: Preparing start region for dimension minecraft:overworld
[21:44:32] [Server thread/INFO]: Preparing spawn area: 0%
[21:44:32] [Server thread/INFO]: Preparing spawn area: 2%
[21:44:33] [Server thread/INFO]: Preparing spawn area: 14%
[21:44:33] [Server thread/INFO]: Time elapsed: 1168 ms
[21:44:33] [Server thread/INFO]: Preparing start region for dimension minecraft:the_nether
[21:44:33] [Server thread/INFO]: Preparing spawn area: 0%
[21:44:33] [Server thread/INFO]: Time elapsed: 257 ms
[21:44:33] [Server thread/INFO]: Preparing start region for dimension minecraft:the_end
[21:44:33] [Server thread/INFO]: Preparing spawn area: 0%
[21:44:33] [Server thread/INFO]: Time elapsed: 133 ms
[21:44:33] [Server thread/INFO]: [ViaVersion] Enabling ViaVersion v5.4.0
[21:44:33] [Server thread/ERROR]: [ViaVersion] Server version has not been loaded yet, cannot register additional listeners
[21:44:33] [Server thread/INFO]: [Essentials] Enabling Essentials v2.21.2-dev+24-3563b41
[21:44:34] [Server thread/INFO]: [Essentials] Attempting to convert old kits in config.yml to new kits.yml
[21:44:34] [Server thread/INFO]: [Essentials] No kits found to migrate.
[21:44:34] [Server thread/INFO]: [Essentials] Selected Reflection Online Mode Provider as the provider for OnlineModeProvider
[21:44:34] [Server thread/INFO]: [Essentials] Selected Paper Known Commands Provider as the provider for KnownCommandsProvider
[21:44:34] [Server thread/INFO]: [Essentials] Selected Paper Biome Key Provider as the provider for BiomeKeyProvider
[21:44:34] [Server thread/INFO]: [Essentials] Selected 1.14.4+ Persistent Data Container Provider as the provider for PersistentDataProvider
[21:44:34] [Server thread/INFO]: [Essentials] Selected 1.20.5+ Banner Data Provider as the provider for BannerDataProvider
[21:44:34] [Server thread/INFO]: [Essentials] Selected Paper Serialization Provider as the provider for SerializationProvider
[21:44:34] [Server thread/INFO]: [Essentials] Selected 1.21+ InventoryView Interface ABI Provider as the provider for InventoryViewProvider
[21:44:34] [Server thread/INFO]: [Essentials] Selected 1.12.2+ Player Locale Provider as the provider for PlayerLocaleProvider
[21:44:34] [Server thread/INFO]: [Essentials] Selected Paper Container Provider as the provider for ContainerProvider
[21:44:34] [Server thread/INFO]: [Essentials] Selected 1.21.4+ Sync Commands Provider as the provider for SyncCommandsProvider
[21:44:34] [Server thread/INFO]: [Essentials] Selected 1.13+ Spawn Egg Provider as the provider for SpawnEggProvider
[21:44:34] [Server thread/INFO]: [Essentials] Selected 1.8.3+ Spawner Item Provider as the provider for SpawnerItemProvider
[21:44:34] [Server thread/INFO]: [Essentials] Selected 1.12+ Spawner Block Provider as the provider for SpawnerBlockProvider
[21:44:34] [Server thread/INFO]: [Essentials] Selected Paper Tick Count Provider as the provider for TickCountProvider
[21:44:34] [Server thread/INFO]: [Essentials] Selected Paper Server State Provider as the provider for ServerStateProvider
[21:44:34] [Server thread/INFO]: [Essentials] Selected Reflection Formatted Command Alias Provider as the provider for FormattedCommandAliasProvider
[21:44:34] [Server thread/INFO]: [Essentials] Selected 1.14+ Sign Data Provider as the provider for SignDataProvider
[21:44:34] [Server thread/INFO]: [Essentials] Selected 1.20.4+ Damage Event Provider as the provider for DamageEventProvider
[21:44:34] [Server thread/INFO]: [Essentials] Selected 1.17.1+ World Info Provider as the provider for WorldInfoProvider
[21:44:34] [Server thread/INFO]: [Essentials] Selected 1.20.6+ Potion Meta Provider as the provider for PotionMetaProvider
[21:44:34] [Server thread/INFO]: [Essentials] Selected Paper Material Tag Provider as the provider for MaterialTagProvider
[21:44:34] [Server thread/INFO]: [Essentials] Selected 1.11+ Item Unbreakable Provider as the provider for ItemUnbreakableProvider
[21:44:34] [Server thread/INFO]: [Essentials] Loaded 43880 items from items.json.
[21:44:34] [Server thread/INFO]: [Essentials] Using locale en
[21:44:35] [Server thread/INFO]: [Essentials] ServerListPingEvent: Spigot iterator API
[21:44:35] [Server thread/INFO]: [Essentials] Starting Metrics. Opt-out using the global bStats config.
[21:44:35] [Server thread/WARN]: [Essentials] Detected supported permissions plugin Other without Vault installed.
[21:44:35] [Server thread/WARN]: [Essentials] Features such as chat prefixes/suffixes and group-related functionality will not work until you install Vault.
[21:44:35] [Server thread/INFO]: [Essentials] Using superperms-based permissions.
[21:44:35] [Server thread/INFO]: [NBTAPI] Enabling NBTAPI v2.15.1
[21:44:35] [Server thread/INFO]: [NBTAPI] Checking bindings...
[21:44:35] [Server thread/INFO]: [NBTAPI] All Classes were able to link!
[21:44:35] [Server thread/INFO]: [NBTAPI] All Methods were able to link!
[21:44:35] [Server thread/INFO]: [NBTAPI] Running NBT reflection test...
[21:44:37] [Server thread/INFO]: [NBTAPI] Success! This version of NBT-API is compatible with your server.
[21:44:37] [Server thread/INFO]: [ViaBackwards] Enabling ViaBackwards v5.4.1
[21:44:37] [Server thread/INFO]: [floodgate] Enabling floodgate v2.2.4-SNAPSHOT (b116-0e3163c)
[21:44:37] [Server thread/INFO]: [EssentialsChat] Enabling EssentialsChat v2.21.2-dev+24-3563b41
[21:44:37] [Server thread/INFO]: [EssentialsChat] Starting Metrics. Opt-out using the global bStats config.
[21:44:37] [Server thread/INFO]: [BetterRevive] Enabling BetterRevive v0.9.1-BETA
[21:44:37] [Server thread/INFO]: [BetterRevive] Inventory title with support for more than 32 characters. Skipping..
[21:44:37] [Server thread/INFO]: [BetterRevive] Hex colors are available! Ready for RGB..
[21:44:37] [Server thread/INFO]: [BetterRevive] Old constructor for HoverEvent found! Using it..
[21:44:37] [Server thread/INFO]: [BetterRevive] New sendTitle method found! Using it..
[21:44:37] [Server thread/INFO]: [BetterRevive] New setUnbreakable method found! Using it..
[21:44:37] [Server thread/INFO]: [BetterRevive] New isUnbreakable method found! Using it..
[21:44:37] [Server thread/INFO]:   ___      _   _           ___         _         
[21:44:37] [Server thread/INFO]:  | _ ) ___| |_| |_ ___ _ _| _ \_____ _(_)_ _____ 
[21:44:37] [Server thread/INFO]:  | _ \/ -_)  _|  _/ -_) '_|   / -_) V / \ V / -_)
[21:44:37] [Server thread/INFO]:  |___/\___|\__|\__\___|_| |_|_\___|\_/|_|\_/\___|
[21:44:37] [Server thread/INFO]: 
[21:44:37] [Server thread/INFO]:    Running plugin BetterRevive v0.9.1-BETA (v2_0)
[21:44:37] [Server thread/INFO]:    Server running Paper version 1.21.7-17-b4466ec (MC: 1.21.7)
[21:44:37] [Server thread/INFO]:    (Implementing API version 1.21.7-17-b4466ec (MC: 1.21.7))
[21:44:37] [Server thread/INFO]:    (Developed by  AlonsoAliaga - Thanks for using my plugin ❤)
[21:44:37] [Server thread/INFO]:    If you loved the plugin consider leaving a review and mentioning your server IP in it!
[21:44:37] [Server thread/INFO]: 
[21:44:37] [Server thread/INFO]: ==============================================================================================
[21:44:37] [Server thread/INFO]: [BetterRevive] This is not a error! This is just a warning to keep in mind if you have issues!
[21:44:37] [Server thread/INFO]: [BetterRevive] You are using a Paper fork (Paper). This plugin was made for Spigot
[21:44:37] [Server thread/INFO]: [BetterRevive] but was (in most cases) tested with different builds of Paper and Purpur.
[21:44:37] [Server thread/INFO]: [BetterRevive] Spigot and forks API are really similar and should be compatible, however there are
[21:44:37] [Server thread/INFO]: [BetterRevive] some cases in which they aren't compatible. If you have issues report them to the
[21:44:37] [Server thread/INFO]: [BetterRevive] developer instead of reviewing 1 star. Thanks in advanced!
[21:44:37] [Server thread/INFO]: [BetterRevive] Join us in our official support server on alonsoaliaga.com/discord
[21:44:37] [Server thread/INFO]: ==============================================================================================
[21:44:37] [Server thread/INFO]: 
[21:44:37] [Server thread/INFO]: [BetterRevive] BungeeCord action bar available. Hooking..
[21:44:37] [Server thread/INFO]: [BetterRevive] ProtocolLib found! Checking..
[21:44:37] [Server thread/INFO]: [Auto-update] Configuration config.yml is up-to-date!
[21:44:37] [Server thread/INFO]: [BetterRevive] Factions hook is enabled but couldn't find any supported faction plugin were found. Disabling hook..
[21:44:37] [Server thread/INFO]: [BetterRevive] Finish off feature has been enabled! Players can finish off other player!
[21:44:37] [Server thread/INFO]: [BetterRevive] Finish off health: 20 | Finish off damage multiplier: 0.5
[21:44:37] [Server thread/INFO]: [BetterRevive] DamageCause for finish off is empty! All damage cause will be allowed to finish off players. (Includes DROWING, FIRE, LAVA, etc)
[21:44:37] [Server thread/INFO]: [BetterRevive] Bleeding mode is 0! Plugin will select the best option for your server!
[21:44:37] [Server thread/INFO]: [BetterRevive] Server version is v2_0. Players will look like swimming while bleeding! (Mode 2)
[21:44:37] [Server thread/INFO]: [BetterRevive] Loaded 1 bleeding effects.
[21:44:37] [Server thread/INFO]: [BetterRevive] Loaded 1 revived effect.
[21:44:37] [Server thread/INFO]: [HealthBar] Enabling HealthBar v1.8.1
[21:44:37] [Server thread/INFO]: Looking for compatible plugins...
[21:44:37] [Server thread/INFO]: [KBloodMoon] Enabling KBloodMoon v1.3
[21:44:37] [Server thread/INFO]: [KBloodMoon] bloodMoonChance: 20
[21:44:37] [Server thread/INFO]: [KBloodMoon] §4[BloodMoon] §aPlugin enabled!
[21:44:37] [Server thread/INFO]: [Geyser-Spigot] Enabling Geyser-Spigot v2.8.2-SNAPSHOT
[21:44:38] [Server thread/INFO]: [ItemFrameDupe] Enabling ItemFrameDupe v1.0
[21:44:38] [Server thread/INFO]: [ItemFrameDupe] ItemFrameDupe activado. A romper la economía se ha dicho.
[21:44:38] [Server thread/INFO]: [EssentialsSpawn] Enabling EssentialsSpawn v2.21.2-dev+24-3563b41
[21:44:38] [Server thread/INFO]: [EssentialsSpawn] Starting Metrics. Opt-out using the global bStats config.
[21:44:38] [Server thread/INFO]: [spark] Starting background profiler...
[21:44:38] [Server thread/INFO]: [Geyser-Spigot] ******************************************
[21:44:38] [Server thread/INFO]: [Geyser-Spigot] 
[21:44:38] [Server thread/INFO]: [Geyser-Spigot] Loading Geyser version 2.8.2-b876 (git-master-96bb7d9)
[21:44:38] [Server thread/INFO]: [Geyser-Spigot] 
[21:44:38] [Server thread/INFO]: [Geyser-Spigot] ******************************************
[21:44:43] [Server thread/INFO]: [Geyser-Spigot] Started Geyser on UDP port 1143
[21:44:43] [Server thread/INFO]: [Geyser-Spigot] Done (4.442s)! Run /geyser help for help!
[21:44:43] [Server thread/INFO]: Done preparing level "world" (12.474s)
[21:44:43] [Server thread/INFO]: Running delayed init tasks
[21:44:43] [Craft Scheduler Thread - 2 - ViaVersion/INFO]: [ViaVersion] Finished mapping loading, shutting down loader executor.
[21:44:43] [Craft Scheduler Thread - 1 - Essentials/INFO]: [Essentials] Fetching version information...
[21:44:43] [Server thread/INFO]: Done (32.496s)! For help, type "help"
[21:44:43] [Server thread/WARN]: [ViaVersion] There is a newer plugin version available: 5.4.1, you're on: 5.4.0
[21:44:43] [Craft Scheduler Thread - 1 - Essentials/WARN]: [Essentials] You're 3 EssentialsX dev build(s) out of date!
[21:44:43] [Craft Scheduler Thread - 1 - Essentials/WARN]: [Essentials] Download it here: https://essentialsx.net/downloads.html
[21:44:44] [Server thread/INFO]: ℹ Server Plugins (16):
[21:44:44] [Server thread/INFO]: Bukkit Plugins:
[21:44:44] [Server thread/INFO]:  - BetterRevive, Essentials, EssentialsChat, EssentialsSpawn, floodgate, Geyser-Spigot, HealthBar, ItemFrameDupe, KBloodMoon, NBTAPI
[21:44:44] [Server thread/INFO]:  PlugManX, ProtocolLib, ViaBackwards, ViaRewind, ViaVersion, WorldEdit
[21:44:45] [Craft Scheduler Thread - 1 - BetterRevive/INFO]: [BetterRevive] Checking for updates...
[21:44:45] [Craft Scheduler Thread - 1 - BetterRevive/INFO]: [BetterRevive] Plugin up-to-date! You have the latest version!
[21:44:47] [Server thread/INFO]: ℹ Server Plugins (16):
[21:44:47] [Server thread/INFO]: Bukkit Plugins:
[21:44:47] [Server thread/INFO]:  - BetterRevive, Essentials, EssentialsChat, EssentialsSpawn, floodgate, Geyser-Spigot, HealthBar, ItemFrameDupe, KBloodMoon, NBTAPI
[21:44:47] [Server thread/INFO]:  PlugManX, ProtocolLib, ViaBackwards, ViaRewind, ViaVersion, WorldEdit
[21:44:48] [Server thread/INFO]: ℹ Server Plugins (16):
[21:44:48] [Server thread/INFO]: Bukkit Plugins:
[21:44:48] [Server thread/INFO]:  - BetterRevive, Essentials, EssentialsChat, EssentialsSpawn, floodgate, Geyser-Spigot, HealthBar, ItemFrameDupe, KBloodMoon, NBTAPI
[21:44:48] [Server thread/INFO]:  PlugManX, ProtocolLib, ViaBackwards, ViaRewind, ViaVersion, WorldEdit
[21:44:48] [Server thread/INFO]: ℹ Server Plugins (16):
[21:44:48] [Server thread/INFO]: Bukkit Plugins:
[21:44:48] [Server thread/INFO]:  - BetterRevive, Essentials, EssentialsChat, EssentialsSpawn, floodgate, Geyser-Spigot, HealthBar, ItemFrameDupe, KBloodMoon, NBTAPI
[21:44:48] [Server thread/INFO]:  PlugManX, ProtocolLib, ViaBackwards, ViaRewind, ViaVersion, WorldEdit
[21:46:01] [User Authenticator #0/INFO]: UUID of player SKMJuarez is 522bd024-3dea-3608-9808-2631f547025f
[21:46:01] [Server thread/INFO]: [HorriblePlayerLoginEventHack] You have plugins listening to the PlayerLoginEvent, this will cause re-configuration APIs to be unavailable: [Geyser-Spigot, Essentials, floodgate]
[21:46:03] [Server thread/INFO]: SKMJuarez joined the game
[21:46:03] [Server thread/INFO]: SKMJuarez[/127.74.183.169:39767] logged in with entity id 34 at ([world]-856.1530933675131, 81.0, -524.9827746157418)
[21:48:11] [Server thread/INFO]: [Essentials] CONSOLE issued server command: /gm 1 SKMJuarez
[21:48:11] [Server thread/INFO]: Set game mode creative for SKMJuarez.
[21:48:13] [Async Chat Thread - #0/INFO]: [Not Secure] <SKMJuarez> e
[21:48:28] [Server thread/INFO]: [Essentials] CONSOLE issued server command: /gm 0 SKMJuarez
[21:48:28] [Server thread/INFO]: Set game mode survival for SKMJuarez.
[21:49:42] [Server thread/INFO]: [Essentials] CONSOLE issued server command: /gm 1 SKMJuarez
[21:49:42] [Server thread/INFO]: Set game mode creative for SKMJuarez.
[21:49:54] [Server thread/INFO]: [Essentials] CONSOLE issued server command: /gm 0 SKMJuarez
[21:49:54] [Server thread/INFO]: Set game mode survival for SKMJuarez.
[21:56:59] [Server thread/INFO]: [Essentials] CONSOLE issued server command: /gm 1 SKMJuarez
[21:56:59] [Server thread/INFO]: Set game mode creative for SKMJuarez.
[21:57:14] [Server thread/INFO]: [Essentials] CONSOLE issued server command: /gm 0 SKMJuarez
[21:57:14] [Server thread/INFO]: Set game mode survival for SKMJuarez.
